SF:lib/core/error/error_model.dart
DA:5,2
LF:1
LH:1
end_of_record
SF:lib/models/notice.dart
DA:15,2
DA:24,1
DA:25,1
DA:27,1
DA:28,1
DA:29,1
DA:30,1
DA:31,1
DA:32,3
DA:33,1
DA:36,2
DA:37,2
DA:41,0
DA:42,0
DA:43,0
DA:44,0
DA:45,0
DA:46,0
DA:47,0
DA:48,0
DA:49,0
DA:52,0
DA:53,0
DA:54,0
DA:55,0
DA:56,0
DA:57,0
DA:58,0
DA:60,1
DA:61,1
DA:62,1
DA:63,1
DA:64,1
DA:65,1
DA:66,1
DA:67,1
DA:68,1
DA:81,2
DA:89,1
DA:90,1
DA:91,1
DA:92,1
DA:93,1
DA:94,5
DA:95,1
DA:96,1
DA:99,1
DA:100,1
DA:103,2
DA:105,4
DA:107,1
DA:108,1
DA:109,1
DA:110,1
DA:112,3
DA:113,1
DA:116,2
DA:117,2
DA:121,0
DA:122,0
DA:123,0
DA:124,0
DA:125,0
DA:126,0
DA:127,0
DA:128,0
DA:131,2
DA:132,1
DA:133,1
DA:134,3
DA:135,1
DA:136,1
DA:137,1
DA:146,2
DA:151,1
DA:152,4
DA:154,1
DA:155,1
DA:156,1
DA:157,1
DA:158,3
DA:160,2
DA:161,2
DA:165,2
DA:166,1
DA:167,1
DA:168,1
DA:169,1
DA:170,1
DA:173,0
DA:174,0
DA:175,0
DA:176,0
DA:177,0
DA:178,0
LF:95
LH:65
end_of_record
SF:lib/repositories/notice_repository_impl.dart
DA:14,1
DA:15,1
DA:19,0
DA:20,0
DA:21,0
DA:26,0
DA:28,0
DA:33,0
DA:35,0
DA:40,0
DA:44,0
DA:45,0
DA:49,0
DA:50,0
DA:51,0
DA:52,0
DA:53,0
DA:55,0
DA:57,0
DA:61,0
DA:62,0
DA:63,0
DA:65,0
DA:69,0
DA:70,0
DA:71,0
DA:72,0
DA:74,0
DA:76,0
DA:77,0
DA:82,0
DA:88,0
DA:92,1
DA:95,2
DA:96,2
DA:97,1
DA:98,2
DA:99,1
DA:100,1
DA:101,3
DA:102,1
DA:103,1
DA:105,2
DA:110,1
DA:113,2
DA:114,2
DA:115,1
DA:116,2
DA:117,1
DA:118,1
DA:119,2
DA:121,3
DA:126,1
DA:129,5
DA:131,5
DA:132,1
DA:134,2
DA:138,0
DA:142,0
DA:146,1
DA:151,1
DA:155,1
DA:156,1
DA:158,3
DA:159,3
DA:161,1
DA:162,2
DA:163,1
DA:164,2
DA:165,2
DA:167,1
DA:169,2
DA:174,1
DA:181,1
DA:182,1
DA:183,1
DA:184,2
DA:185,1
DA:186,2
DA:187,1
DA:188,2
DA:189,3
DA:191,1
DA:193,3
LF:84
LH:52
end_of_record
SF:lib/services/firestore_servie.dart
DA:9,0
DA:12,0
DA:13,0
DA:16,0
DA:20,0
DA:21,0
DA:24,0
DA:29,0
DA:30,0
DA:31,0
DA:32,0
DA:33,0
DA:35,0
DA:38,0
DA:42,0
DA:43,0
DA:44,0
DA:45,0
DA:46,0
DA:49,0
DA:54,0
DA:55,0
DA:56,0
DA:57,0
DA:58,0
DA:59,0
DA:60,0
DA:63,0
DA:65,0
DA:66,0
DA:67,0
DA:68,0
DA:72,0
DA:75,0
DA:78,0
DA:83,0
DA:84,0
DA:85,0
DA:86,0
DA:87,0
DA:90,0
DA:94,0
DA:95,0
DA:96,0
DA:97,0
LF:45
LH:0
end_of_record
SF:lib/core/data_status/status_enum.dart
DA:1,1
LF:1
LH:1
end_of_record
SF:lib/viewmodels/notice_view_model.dart
DA:22,1
DA:23,1
DA:26,0
DA:27,0
DA:30,1
DA:34,2
DA:36,3
DA:37,2
DA:38,2
DA:39,1
DA:42,1
DA:45,2
DA:46,2
DA:47,3
DA:48,2
DA:50,2
DA:53,1
DA:54,2
DA:57,3
DA:59,5
DA:61,1
DA:63,2
DA:64,2
DA:66,3
DA:67,2
DA:69,2
DA:72,1
DA:77,2
DA:78,3
DA:80,2
DA:81,2
DA:82,1
DA:85,1
DA:90,3
DA:92,5
DA:94,1
DA:96,2
DA:97,2
DA:98,3
DA:99,2
DA:101,0
DA:104,1
DA:109,2
DA:110,3
DA:116,2
DA:117,2
DA:119,1
DA:122,1
DA:126,3
DA:129,5
DA:131,1
DA:135,5
DA:136,2
DA:137,0
DA:140,2
DA:142,2
LF:56
LH:52
end_of_record
